<?xml version="1.0" encoding="UTF-8"?>
<!-- Generated by org.testng.reporters.JUnitReportReporter -->
<testsuite hostname="DESKTOP-V5MLE2I" failures="0" tests="1" name="testngdiscussion.InclusionAndExclusionTestcases" time="0.007" errors="0" timestamp="2021-12-27T09:33:26 IST" skipped="0">
  <testcase classname="testngdiscussion.InclusionAndExclusionTestcases" name="home" time="0.007"/>
  <system-out/>
</testsuite> <!-- testngdiscussion.InclusionAndExclusionTestcases -->
