<?xml version="1.0" encoding="UTF-8"?>
<!-- Generated by org.testng.reporters.JUnitReportReporter -->
<testsuite hostname="DESKTOP-V5MLE2I" failures="0" tests="5" name="testngdiscussion.InvocationCountKeyWord" time="0.028" errors="0" timestamp="2021-12-21T09:41:57 IST" skipped="0">
  <testcase classname="testngdiscussion.InvocationCountKeyWord" name="testCase1" time="0.014"/>
  <system-out/>
  <testcase classname="testngdiscussion.InvocationCountKeyWord" name="testCase1" time="0.002"/>
  <system-out/>
  <testcase classname="testngdiscussion.InvocationCountKeyWord" name="testCase1" time="0.005"/>
  <system-out/>
  <testcase classname="testngdiscussion.InvocationCountKeyWord" name="testCase1" time="0.006"/>
  <system-out/>
  <testcase classname="testngdiscussion.InvocationCountKeyWord" name="testCase1" time="0.001"/>
  <system-out/>
</testsuite> <!-- testngdiscussion.InvocationCountKeyWord -->
