<?xml version="1.0" encoding="UTF-8"?>
<!-- Generated by org.testng.reporters.JUnitReportReporter -->
<testsuite hostname="DESKTOP-V5MLE2I" failures="0" tests="2" name="testngdiscussion.ParallelTestClass1Execution" time="30.406" errors="0" timestamp="2021-12-29T09:30:49 IST" skipped="0">
  <testcase classname="testngdiscussion.ParallelTestClass1Execution" name="profile" time="0.023"/>
  <system-out/>
  <testcase classname="testngdiscussion.ParallelTestClass1Execution" name="navToGoogle" time="30.383"/>
  <system-out/>
</testsuite> <!-- testngdiscussion.ParallelTestClass1Execution -->
