<?xml version="1.0" encoding="UTF-8"?>
<!-- Generated by org.testng.reporters.JUnitReportReporter -->
<testsuite hostname="DESKTOP-V5MLE2I" failures="0" tests="6" name="testngdiscussion.Priority" time="0.029" errors="0" timestamp="2021-12-21T09:35:08 IST" skipped="0">
  <testcase classname="testngdiscussion.Priority" name="login" time="0.014"/>
  <system-out/>
  <testcase classname="testngdiscussion.Priority" name="profile" time="0.003"/>
  <system-out/>
  <testcase classname="testngdiscussion.Priority" name="logout" time="0.002"/>
  <system-out/>
  <testcase classname="testngdiscussion.Priority" name="passwordChange" time="0.004"/>
  <system-out/>
  <testcase classname="testngdiscussion.Priority" name="home" time="0.004"/>
  <system-out/>
  <testcase classname="testngdiscussion.Priority" name="dashBoard" time="0.002"/>
  <system-out/>
</testsuite> <!-- testngdiscussion.Priority -->
