<?xml version="1.0" encoding="UTF-8"?>
<!-- Generated by org.testng.reporters.JUnitReportReporter -->
<testsuite hostname="DESKTOP-V5MLE2I" failures="0" tests="6" name="testngdiscussion.EnabledKeyword" time="0.043" errors="0" timestamp="2021-12-21T09:57:43 IST" skipped="0">
  <testcase classname="testngdiscussion.EnabledKeyword" name="login" time="0.024"/>
  <system-out/>
  <testcase classname="testngdiscussion.EnabledKeyword" name="profile" time="0.002"/>
  <system-out/>
  <testcase classname="testngdiscussion.EnabledKeyword" name="passwordChange" time="0.003"/>
  <system-out/>
  <testcase classname="testngdiscussion.EnabledKeyword" name="logout" time="0.007"/>
  <system-out/>
  <testcase classname="testngdiscussion.EnabledKeyword" name="home" time="0.005"/>
  <system-out/>
  <testcase classname="testngdiscussion.EnabledKeyword" name="dashBoard" time="0.002"/>
  <system-out/>
</testsuite> <!-- testngdiscussion.EnabledKeyword -->
