<?xml version="1.0" encoding="UTF-8"?>
<!-- Generated by org.testng.reporters.JUnitReportReporter -->
<testsuite hostname="DESKTOP-V5MLE2I" failures="0" tests="6" name="testngdiscussion.EnabledKeyword" time="0.039" errors="0" timestamp="2021-12-22T09:12:44 IST" skipped="0">
  <testcase classname="testngdiscussion.EnabledKeyword" name="login" time="0.022"/>
  <system-out>
    <![CDATA[Login test case]]>
  </system-out>
  <testcase classname="testngdiscussion.EnabledKeyword" name="profile" time="0.004"/>
  <system-out>
    <![CDATA[profile test case]]>
  </system-out>
  <testcase classname="testngdiscussion.EnabledKeyword" name="logout" time="0.004"/>
  <system-out>
    <![CDATA[logout test case]]>
  </system-out>
  <testcase classname="testngdiscussion.EnabledKeyword" name="passwordChange" time="0.002"/>
  <system-out>
    <![CDATA[password change test case]]>
  </system-out>
  <testcase classname="testngdiscussion.EnabledKeyword" name="home" time="0.005"/>
  <system-out>
    <![CDATA[Home test case]]>
  </system-out>
  <testcase classname="testngdiscussion.EnabledKeyword" name="dashBoard" time="0.002"/>
  <system-out>
    <![CDATA[Dashboard test case]]>
  </system-out>
</testsuite> <!-- testngdiscussion.EnabledKeyword -->
