<?xml version="1.0" encoding="UTF-8"?>
<!-- Generated by org.testng.reporters.JUnitReportReporter -->
<testsuite hostname="DESKTOP-V5MLE2I" failures="0" tests="4" name="testngdiscussion.GroupingOfTestCases2" time="0.013" errors="0" timestamp="2021-12-25T10:10:29 IST" skipped="0">
  <testcase classname="testngdiscussion.GroupingOfTestCases2" name="viewProfile" time="0.004"/>
  <system-out/>
  <testcase classname="testngdiscussion.GroupingOfTestCases2" name="timeline" time="0.001"/>
  <system-out/>
  <testcase classname="testngdiscussion.GroupingOfTestCases2" name="uploadImage" time="0.006"/>
  <system-out/>
  <testcase classname="testngdiscussion.GroupingOfTestCases2" name="profile" time="0.002"/>
  <system-out/>
</testsuite> <!-- testngdiscussion.GroupingOfTestCases2 -->
