<?xml version="1.0" encoding="UTF-8"?>
<!-- Generated by org.testng.reporters.JUnitReportReporter -->
<testsuite hostname="DESKTOP-V5MLE2I" failures="0" tests="1" name="testngdiscussion.AnnotationActualUsage" time="0.015" errors="0" timestamp="2021-12-24T09:37:36 IST" skipped="0">
  <testcase classname="testngdiscussion.AnnotationActualUsage" name="testCase" time="0.015"/>
  <system-out/>
</testsuite> <!-- testngdiscussion.AnnotationActualUsage -->
