<?xml version="1.0" encoding="UTF-8"?>
<!-- Generated by org.testng.reporters.JUnitReportReporter -->
<testsuite hostname="DESKTOP-V5MLE2I" failures="0" tests="2" name="testngdiscussion.ParallelTestTagExecution2" time="0.029" errors="0" timestamp="2021-12-29T09:37:33 IST" skipped="0">
  <testcase classname="testngdiscussion.ParallelTestTagExecution2" name="dashBoard" time="0.026"/>
  <system-out/>
  <testcase classname="testngdiscussion.ParallelTestTagExecution2" name="navToFlipkart" time="0.003"/>
  <system-out/>
</testsuite> <!-- testngdiscussion.ParallelTestTagExecution2 -->
