<?xml version="1.0" encoding="UTF-8"?>
<!-- Generated by org.testng.reporters.JUnitReportReporter -->
<testsuite hostname="DESKTOP-V5MLE2I" failures="0" tests="2" name="testngdiscussion.ParametersInTestNG" time="8.479" errors="0" timestamp="2021-12-29T07:27:26 IST" skipped="0">
  <testcase classname="testngdiscussion.ParametersInTestNG" name="buildInfo" time="0.013"/>
  <system-out/>
  <testcase classname="testngdiscussion.ParametersInTestNG" name="launchFacebook" time="8.466"/>
  <system-out/>
</testsuite> <!-- testngdiscussion.ParametersInTestNG -->
