<?xml version="1.0" encoding="UTF-8"?>
<!-- Generated by org.testng.reporters.JUnitReportReporter -->
<testsuite hostname="DESKTOP-V5MLE2I" failures="0" tests="2" name="testngdiscussion.TestClass2" time="0.021" errors="0" timestamp="2021-12-22T09:54:50 IST" skipped="0">
  <testcase classname="testngdiscussion.TestClass2" name="profileSection" time="0.017"/>
  <system-out>
    <![CDATA[Profile section of home page]]>
  </system-out>
  <testcase classname="testngdiscussion.TestClass2" name="urlValidation" time="0.004"/>
  <system-out>
    <![CDATA[URL validation over home page]]>
  </system-out>
</testsuite> <!-- testngdiscussion.TestClass2 -->
