<?xml version="1.0" encoding="UTF-8"?>
<!-- Generated by org.testng.reporters.JUnitReportReporter -->
<testsuite hostname="DESKTOP-V5MLE2I" failures="0" tests="2" name="testngdiscussion.ParallelTestClass2Execution" time="41.089" errors="0" timestamp="2021-12-29T09:30:49 IST" skipped="0">
  <testcase classname="testngdiscussion.ParallelTestClass2Execution" name="Editprofile" time="0.020"/>
  <system-out/>
  <testcase classname="testngdiscussion.ParallelTestClass2Execution" name="navToOrangeHRM" time="41.069"/>
  <system-out/>
</testsuite> <!-- testngdiscussion.ParallelTestClass2Execution -->
