<?xml version="1.0" encoding="UTF-8"?>
<!-- Generated by org.testng.reporters.JUnitReportReporter -->
<testsuite hostname="DESKTOP-V5MLE2I" failures="0" tests="19" name="testngdiscussion.DPTest" time="0.086" errors="0" timestamp="2022-01-07T09:52:47 IST" skipped="0">
  <testcase classname="testngdiscussion.DPTest" name="testCase" time="0.008"/>
  <system-out/>
  <testcase classname="testngdiscussion.DPTest" name="testCase" time="0.003"/>
  <system-out/>
  <testcase classname="testngdiscussion.DPTest" name="testCase" time="0.009"/>
  <system-out/>
  <testcase classname="testngdiscussion.DPTest" name="testCase" time="0.011"/>
  <system-out/>
  <testcase classname="testngdiscussion.DPTest" name="testCase" time="0.002"/>
  <system-out/>
  <testcase classname="testngdiscussion.DPTest" name="testCase" time="0.002"/>
  <system-out/>
  <testcase classname="testngdiscussion.DPTest" name="testCase" time="0.005"/>
  <system-out/>
  <testcase classname="testngdiscussion.DPTest" name="testCase" time="0.004"/>
  <system-out/>
  <testcase classname="testngdiscussion.DPTest" name="testCase" time="0.002"/>
  <system-out/>
  <testcase classname="testngdiscussion.DPTest" name="testCase" time="0.002"/>
  <system-out/>
  <testcase classname="testngdiscussion.DPTest" name="testCase" time="0.004"/>
  <system-out/>
  <testcase classname="testngdiscussion.DPTest" name="testCase" time="0.003"/>
  <system-out/>
  <testcase classname="testngdiscussion.DPTest" name="testCase" time="0.002"/>
  <system-out/>
  <testcase classname="testngdiscussion.DPTest" name="testCase" time="0.001"/>
  <system-out/>
  <testcase classname="testngdiscussion.DPTest" name="testCase" time="0.012"/>
  <system-out/>
  <testcase classname="testngdiscussion.DPTest" name="testCase" time="0.009"/>
  <system-out/>
  <testcase classname="testngdiscussion.DPTest" name="testCase" time="0.003"/>
  <system-out/>
  <testcase classname="testngdiscussion.DPTest" name="testCase" time="0.001"/>
  <system-out/>
  <testcase classname="testngdiscussion.DPTest" name="testCase" time="0.003"/>
  <system-out/>
</testsuite> <!-- testngdiscussion.DPTest -->
