<?xml version="1.0" encoding="UTF-8"?>
<!-- Generated by org.testng.reporters.JUnitReportReporter -->
<testsuite hostname="DESKTOP-V5MLE2I" failures="0" tests="1" name="pomtest.DashBoardTest" time="4.345" errors="0" timestamp="2021-12-31T20:20:55 IST" skipped="0">
  <testcase classname="pomtest.DashBoardTest" name="selectShare" time="4.345"/>
  <system-out/>
</testsuite> <!-- pomtest.DashBoardTest -->
