<?xml version="1.0" encoding="UTF-8"?>
<!-- Generated by org.testng.reporters.JUnitReportReporter -->
<testsuite hostname="DESKTOP-V5MLE2I" failures="0" tests="2" name="testngdiscussion.DependsOnMethod2" time="0.000" errors="0" timestamp="2021-12-25T09:31:46 IST" skipped="2">
  <testcase classname="testngdiscussion.DependsOnMethod2" name="dashBoardTest" time="0.000">
    <skipped/>
  </testcase> <!-- dashBoardTest -->
  <system-out/>
  <testcase classname="testngdiscussion.DependsOnMethod2" name="checkBox" time="0.000">
    <skipped/>
  </testcase> <!-- checkBox -->
  <system-out/>
</testsuite> <!-- testngdiscussion.DependsOnMethod2 -->
