<?xml version="1.0" encoding="UTF-8"?>
<!-- Generated by org.testng.reporters.JUnitReportReporter -->
<testsuite hostname="DESKTOP-V5MLE2I" failures="0" tests="1" name="pomtest.DashBoardTest" time="1.722" errors="0" timestamp="2022-01-01T07:25:00 IST" skipped="0">
  <testcase classname="pomtest.DashBoardTest" name="selectShare" time="1.722"/>
  <system-out/>
</testsuite> <!-- pomtest.DashBoardTest -->
