<?xml version="1.0" encoding="UTF-8"?>
<!-- Generated by org.testng.reporters.JUnitReportReporter -->
<testsuite hostname="DESKTOP-V5MLE2I" failures="0" tests="2" name="pomtest.LoginTest" time="6.661" errors="0" timestamp="2021-12-31T20:20:55 IST" skipped="0">
  <testcase classname="pomtest.LoginTest" name="loginToApp" time="1.767"/>
  <system-out/>
  <testcase classname="pomtest.LoginTest" name="validatePage" time="4.894"/>
  <system-out/>
</testsuite> <!-- pomtest.LoginTest -->
