<?xml version="1.0" encoding="UTF-8"?>
<!-- Generated by org.testng.reporters.JUnitReportReporter -->
<testsuite hostname="DESKTOP-V5MLE2I" failures="0" tests="3" name="testngdiscussion.TestCase" time="0.055" errors="0" timestamp="2021-12-19T09:27:46 IST" skipped="0">
  <testcase classname="testngdiscussion.TestCase" name="a" time="0.050"/>
  <system-out/>
  <testcase classname="testngdiscussion.TestCase" name="loginTest" time="0.002"/>
  <system-out/>
  <testcase classname="testngdiscussion.TestCase" name="home" time="0.003"/>
  <system-out/>
</testsuite> <!-- testngdiscussion.TestCase -->
