<?xml version="1.0" encoding="UTF-8"?>
<!-- Generated by org.testng.reporters.JUnitReportReporter -->
<testsuite hostname="DESKTOP-V5MLE2I" failures="0" tests="2" name="testngdiscussion.ParallelTestTagExecution1" time="0.035" errors="0" timestamp="2021-12-29T09:37:33 IST" skipped="0">
  <testcase classname="testngdiscussion.ParallelTestTagExecution1" name="navToGoogle" time="0.026"/>
  <system-out/>
  <testcase classname="testngdiscussion.ParallelTestTagExecution1" name="profile" time="0.009"/>
  <system-out/>
</testsuite> <!-- testngdiscussion.ParallelTestTagExecution1 -->
