<?xml version="1.0" encoding="UTF-8"?>
<!-- Generated by org.testng.reporters.JUnitReportReporter -->
<testsuite hostname="DESKTOP-V5MLE2I" failures="0" tests="1" name="testngdiscussion.TestCasesForFailedExecution" time="0.000" errors="0" timestamp="2021-12-28T09:18:33 IST" skipped="1">
  <testcase classname="testngdiscussion.TestCasesForFailedExecution" name="loginTest" time="0.000">
    <skipped/>
  </testcase> <!-- loginTest -->
  <system-out/>
</testsuite> <!-- testngdiscussion.TestCasesForFailedExecution -->
