<?xml version="1.0" encoding="UTF-8"?>
<!-- Generated by org.testng.reporters.JUnitReportReporter -->
<testsuite hostname="DESKTOP-V5MLE2I" failures="0" tests="2" name="testngdiscussion.AnnotationsInTestNG2" time="0.011" errors="0" timestamp="2021-12-23T09:57:58 IST" skipped="0">
  <testcase classname="testngdiscussion.AnnotationsInTestNG2" name="testCase4" time="0.008"/>
  <system-out/>
  <testcase classname="testngdiscussion.AnnotationsInTestNG2" name="testCase3" time="0.003"/>
  <system-out/>
</testsuite> <!-- testngdiscussion.AnnotationsInTestNG2 -->
