<?xml version="1.0" encoding="UTF-8"?>
<!-- Generated by org.testng.reporters.JUnitReportReporter -->
<testsuite hostname="DESKTOP-V5MLE2I" failures="0" tests="1" name="testngdiscussion.AssertionUsage" time="19.332" errors="0" timestamp="2021-12-28T07:26:32 IST" skipped="0">
  <testcase classname="testngdiscussion.AssertionUsage" name="validateErrorMessage" time="19.332"/>
  <system-out/>
</testsuite> <!-- testngdiscussion.AssertionUsage -->
