<?xml version="1.0" encoding="UTF-8"?>
<!-- Generated by org.testng.reporters.JUnitReportReporter -->
<testsuite hostname="DESKTOP-V5MLE2I" failures="0" tests="2" name="testngdiscussion.AnnotationsInTestNG" time="0.022" errors="0" timestamp="2021-12-23T09:57:58 IST" skipped="0">
  <testcase classname="testngdiscussion.AnnotationsInTestNG" name="testCase2" time="0.018"/>
  <system-out/>
  <testcase classname="testngdiscussion.AnnotationsInTestNG" name="testCase1" time="0.004"/>
  <system-out/>
</testsuite> <!-- testngdiscussion.AnnotationsInTestNG -->
