<?xml version="1.0" encoding="UTF-8"?>
<!-- Generated by org.testng.reporters.JUnitReportReporter -->
<testsuite hostname="DESKTOP-V5MLE2I" failures="0" tests="4" name="testngdiscussion.GroupingOfTestCases" time="0.023" errors="0" timestamp="2021-12-25T10:10:29 IST" skipped="0">
  <testcase classname="testngdiscussion.GroupingOfTestCases" name="login" time="0.017"/>
  <system-out/>
  <testcase classname="testngdiscussion.GroupingOfTestCases" name="logoff" time="0.002"/>
  <system-out/>
  <testcase classname="testngdiscussion.GroupingOfTestCases" name="home" time="0.002"/>
  <system-out/>
  <testcase classname="testngdiscussion.GroupingOfTestCases" name="profile" time="0.002"/>
  <system-out/>
</testsuite> <!-- testngdiscussion.GroupingOfTestCases -->
