<?xml version="1.0" encoding="UTF-8"?>
<!-- Generated by org.testng.reporters.JUnitReportReporter -->
<testsuite hostname="DESKTOP-V5MLE2I" failures="0" tests="2" name="testngdiscussion.ParallelTestCasesExecution" time="105.269" errors="0" timestamp="2021-12-29T09:13:58 IST" skipped="0">
  <testcase classname="testngdiscussion.ParallelTestCasesExecution" name="navToGoogle" time="47.697"/>
  <system-out/>
  <testcase classname="testngdiscussion.ParallelTestCasesExecution" name="navToFacebook" time="57.572"/>
  <system-out/>
</testsuite> <!-- testngdiscussion.ParallelTestCasesExecution -->
