<?xml version="1.0" encoding="UTF-8"?>
<!-- Generated by org.testng.reporters.JUnitReportReporter -->
<testsuite hostname="DESKTOP-V5MLE2I" failures="0" tests="3" name="testngdiscussion.TestCase" time="0.021" errors="0" timestamp="2021-12-21T09:11:03 IST" skipped="0">
  <testcase classname="testngdiscussion.TestCase" name="a" time="0.014"/>
  <system-out/>
  <testcase classname="testngdiscussion.TestCase" name="loginTest" time="0.003"/>
  <system-out/>
  <testcase classname="testngdiscussion.TestCase" name="home" time="0.004"/>
  <system-out/>
</testsuite> <!-- testngdiscussion.TestCase -->
