<?xml version="1.0" encoding="UTF-8"?>
<!-- Generated by org.testng.reporters.JUnitReportReporter -->
<testsuite hostname="DESKTOP-V5MLE2I" failures="0" tests="2" name="testngdiscussion.TestClass1" time="0.005" errors="0" timestamp="2021-12-22T09:54:50 IST" skipped="0">
  <testcase classname="testngdiscussion.TestClass1" name="loginWithIncorrectCredentials" time="0.003"/>
  <system-out>
    <![CDATA[Login test case with incorrect credentials]]>
  </system-out>
  <testcase classname="testngdiscussion.TestClass1" name="loginWithCorrectCredentials" time="0.002"/>
  <system-out>
    <![CDATA[Login test case with correct credentials]]>
  </system-out>
</testsuite> <!-- testngdiscussion.TestClass1 -->
