<?xml version="1.0" encoding="UTF-8"?>
<!-- Generated by org.testng.reporters.JUnitReportReporter -->
<testsuite hostname="DESKTOP-V5MLE2I" failures="0" tests="2" name="pomtest.LoginTest" time="5.624" errors="0" timestamp="2022-01-01T07:25:00 IST" skipped="0">
  <testcase classname="pomtest.LoginTest" name="loginToApp" time="0.844"/>
  <system-out/>
  <testcase classname="pomtest.LoginTest" name="validatePage" time="4.780"/>
  <system-out/>
</testsuite> <!-- pomtest.LoginTest -->
