<?xml version="1.0" encoding="UTF-8"?>
<!-- Generated by org.testng.reporters.JUnitReportReporter -->
<testsuite hostname="DESKTOP-V5MLE2I" failures="0" tests="1" name="pomtest.LoginTest" time="6.151" errors="0" timestamp="2021-12-31T10:04:56 IST" skipped="0">
  <testcase classname="pomtest.LoginTest" name="loginToApp" time="6.151"/>
  <system-out/>
</testsuite> <!-- pomtest.LoginTest -->
