<?xml version="1.0" encoding="UTF-8"?>
<!-- Generated by org.testng.reporters.JUnitReportReporter -->
<testsuite hostname="DESKTOP-V5MLE2I" failures="0" tests="2" name="testngdiscussion.AnnotationsInTestNG2" time="0.012" errors="0" timestamp="2021-12-24T09:25:09 IST" skipped="0">
  <testcase classname="testngdiscussion.AnnotationsInTestNG2" name="testCase4" time="0.006"/>
  <system-out/>
  <testcase classname="testngdiscussion.AnnotationsInTestNG2" name="testCase3" time="0.006"/>
  <system-out/>
</testsuite> <!-- testngdiscussion.AnnotationsInTestNG2 -->
