<?xml version="1.0" encoding="UTF-8"?>
<!-- Generated by org.testng.reporters.JUnitReportReporter -->
<testsuite hostname="DESKTOP-V5MLE2I" failures="0" tests="2" name="testngdiscussion.ParallelExecution" time="88.368" errors="0" timestamp="2021-12-30T09:57:40 IST" skipped="0">
  <testcase classname="testngdiscussion.ParallelExecution" name="validateUrl" time="43.627"/>
  <system-out/>
  <testcase classname="testngdiscussion.ParallelExecution" name="validateUrl" time="44.741"/>
  <system-out/>
</testsuite> <!-- testngdiscussion.ParallelExecution -->
