<?xml version="1.0" encoding="UTF-8"?>
<!-- Generated by org.testng.reporters.JUnitReportReporter -->
<testsuite hostname="DESKTOP-V5MLE2I" failures="0" tests="2" name="testngdiscussion.ParallelTestTagExecution3" time="0.037" errors="0" timestamp="2021-12-29T09:37:33 IST" skipped="0">
  <testcase classname="testngdiscussion.ParallelTestTagExecution3" name="navToOrange" time="0.010"/>
  <system-out/>
  <testcase classname="testngdiscussion.ParallelTestTagExecution3" name="home" time="0.027"/>
  <system-out/>
</testsuite> <!-- testngdiscussion.ParallelTestTagExecution3 -->
