<?xml version="1.0" encoding="UTF-8"?>
<!-- Generated by org.testng.reporters.JUnitReportReporter -->
<testsuite hostname="DESKTOP-V5MLE2I" failures="0" tests="5" name="testngdiscussion.InvocationCountKeyWord" time="0.016" errors="0" timestamp="2021-12-27T09:22:03 IST" skipped="0">
  <testcase classname="testngdiscussion.InvocationCountKeyWord" name="testCase1" time="0.004"/>
  <system-out/>
  <testcase classname="testngdiscussion.InvocationCountKeyWord" name="testCase1" time="0.005"/>
  <system-out/>
  <testcase classname="testngdiscussion.InvocationCountKeyWord" name="testCase1" time="0.002"/>
  <system-out/>
  <testcase classname="testngdiscussion.InvocationCountKeyWord" name="testCase1" time="0.003"/>
  <system-out/>
  <testcase classname="testngdiscussion.InvocationCountKeyWord" name="testCase1" time="0.002"/>
  <system-out/>
</testsuite> <!-- testngdiscussion.InvocationCountKeyWord -->
