<?xml version="1.0" encoding="UTF-8"?>
<!-- Generated by org.testng.reporters.JUnitReportReporter -->
<testsuite hostname="DESKTOP-V5MLE2I" failures="0" tests="2" name="testngdiscussion.ParallelTestCasesExecution2" time="131.840" errors="0" timestamp="2021-12-29T09:13:58 IST" skipped="0">
  <testcase classname="testngdiscussion.ParallelTestCasesExecution2" name="navToOrangeHRM" time="70.638"/>
  <system-out/>
  <testcase classname="testngdiscussion.ParallelTestCasesExecution2" name="navToLinkedin" time="61.202"/>
  <system-out/>
</testsuite> <!-- testngdiscussion.ParallelTestCasesExecution2 -->
